TN:
SF:src\resolvers\userResolvers.ts
FN:4,getUserById
FN:21,createUser
FNF:2
FNH:1
FNDA:2,getUserById
FNDA:0,createUser
DA:1,1
DA:2,1
DA:3,1
DA:4,1
DA:5,2
DA:6,2
DA:7,2
DA:8,2
DA:9,1
DA:10,1
DA:11,1
DA:12,1
DA:13,1
DA:14,1
DA:15,1
DA:16,2
DA:17,1
DA:18,1
DA:19,1
DA:20,1
DA:21,1
DA:22,0
DA:23,0
DA:24,0
DA:25,0
DA:26,0
DA:27,0
DA:28,0
DA:29,0
DA:30,0
DA:31,0
DA:32,0
DA:33,0
DA:34,0
DA:35,0
DA:36,0
DA:37,0
DA:38,0
DA:39,0
DA:40,0
DA:41,1
DA:42,1
DA:43,1
LF:43
LH:24
BRDA:4,0,0,2
BRDA:4,1,0,2
BRDA:8,2,0,1
BRDA:13,3,0,0
BRF:4
BRH:3
end_of_record
